<?xml version="1.0" encoding="UTF-8"?>
<!-- Generated by org.testng.reporters.JUnitReportReporter -->
<testsuite hostname="Nikhils-MacBook-Air.local" failures="0" tests="4" name="testCase.TC_002_VerifyLoginWithDDT" time="195.399" errors="0" timestamp="2024-10-11T23:03:42 IST" skipped="0">
  <testcase classname="testCase.TC_002_VerifyLoginWithDDT" name="verifyLoginDDT" time="55.257"/>
  <system-out/>
  <testcase classname="testCase.TC_002_VerifyLoginWithDDT" name="verifyLoginDDT" time="49.757"/>
  <system-out/>
  <testcase classname="testCase.TC_002_VerifyLoginWithDDT" name="verifyLoginDDT" time="43.699"/>
  <system-out/>
  <testcase classname="testCase.TC_002_VerifyLoginWithDDT" name="verifyLoginDDT" time="46.686"/>
  <system-out/>
</testsuite> <!-- testCase.TC_002_VerifyLoginWithDDT -->
